25 дек. 2024 17:43:14,999 admin - 127.0.0.1 - 127.0.0.1  INFO AssertLogger - ROLLBACK TABLE SHOULD BE FREE
Выполнение действия : System.formOk[] 'OK' [System(90:28)]
THREAD :Thread[pool-23-HockeyStats.PlayerGoalsStat-pausable-daemon-1,5,RMI Runtime]
	at lsfusion.base.ExceptionUtils.getStackTrace(ExceptionUtils.java:26)
	at lsfusion.server.base.controller.stack.ExecutionStackAspect.getExStackTrace(ExecutionStackAspect.java:439)
	at lsfusion.server.physics.admin.log.ServerLoggers.assertLog(ServerLoggers.java:98)
	at lsfusion.server.physics.admin.log.ServerLoggers.assertLog(ServerLoggers.java:91)
	at lsfusion.server.data.sql.SQLSession.rollReturnTemporaryTable(SQLSession.java:1372)
	at lsfusion.server.data.table.SessionTable.rollDrop(SessionTable.java:660)
	at lsfusion.server.data.table.SessionDataTable.rollDrop(SessionDataTable.java:190)
	at lsfusion.server.logics.action.session.table.SessionTableUsage.rollData(SessionTableUsage.java:335)
	at lsfusion.server.logics.action.session.classes.change.ClassChanges$Transaction.rollNews(ClassChanges.java:402)
	at lsfusion.server.logics.action.session.classes.change.ClassChanges$Transaction.rollback(ClassChanges.java:388)
	at lsfusion.server.logics.action.session.DataSession$Transaction.rollback(DataSession.java:251)
	at lsfusion.server.logics.action.session.DataSession$Transaction.access$1(DataSession.java:242)
	at lsfusion.server.logics.action.session.DataSession.rollbackTransaction(DataSession.java:290)
	at lsfusion.server.logics.action.session.DataSession.rollbackApply(DataSession.java:2498)
	at lsfusion.server.logics.action.session.DataSession.transactApply(DataSession.java:1739)
	at lsfusion.server.logics.action.session.DataSession.apply_aroundBody16(DataSession.java:1966)
	at lsfusion.server.logics.action.session.DataSession$AjcClosure17.run(DataSession.java:1)
	at org.aspectj.runtime.reflect.JoinPointImpl.proceed(JoinPointImpl.java:149)
	at lsfusion.server.base.controller.thread.AssertSynchronizedAspect.callMethod(AssertSynchronizedAspect.java:39)
	at lsfusion.server.logics.action.session.DataSession.apply(DataSession.java:1918)
	at lsfusion.server.logics.form.interactive.instance.FormInstance.apply(FormInstance.java:1680)
	at lsfusion.server.logics.action.controller.context.ExecutionEnvironment.apply(ExecutionEnvironment.java:89)
	at lsfusion.server.logics.action.controller.context.ExecutionContext.apply(ExecutionContext.java:585)
	at lsfusion.server.logics.form.interactive.instance.FormInstance.formOk(FormInstance.java:3007)
	at lsfusion.server.logics.form.interactive.action.lifecycle.OkAction.executeForm(OkAction.java:23)
	at lsfusion.server.logics.form.interactive.action.lifecycle.FormFlowAction.executeInternal(FormFlowAction.java:32)
	at lsfusion.server.physics.dev.integration.internal.to.InternalAction.commonExecuteInternalDelegate(InternalAction.java:56)
	at lsfusion.server.logics.action.ExplicitAction.aspectExecute(ExplicitAction.java:57)
	at lsfusion.server.logics.action.Action.executeImpl(Action.java:490)
	at lsfusion.server.logics.action.Action.execute_aroundBody20(Action.java:472)
	at lsfusion.server.logics.action.Action$AjcClosure21.run(Action.java:1)
	at org.aspectj.runtime.reflect.JoinPointImpl.proceed(JoinPointImpl.java:149)
	at lsfusion.server.base.controller.stack.ExecutionStackAspect.processStackItem(ExecutionStackAspect.java:312)
	at lsfusion.server.base.controller.stack.ExecutionStackAspect.ajc$inlineAccessMethod$lsfusion_server_base_controller_stack_ExecutionStackAspect$lsfusion_server_base_controller_stack_ExecutionStackAspect$processStackItem(ExecutionStackAspect.java:1)
	at lsfusion.server.base.controller.stack.ExecutionStackAspect.execution(ExecutionStackAspect.java:199)
	at lsfusion.server.logics.action.Action.execute(Action.java:453)
	at lsfusion.server.logics.action.controller.context.ExecutionEnvironment.execute(ExecutionEnvironment.java:70)
	at lsfusion.server.logics.form.interactive.instance.property.ActionObjectInstance.execute(ActionObjectInstance.java:29)
	at lsfusion.server.logics.form.interactive.instance.FormInstance.executeEventAction(FormInstance.java:1039)
	at lsfusion.server.logics.form.interactive.controller.remote.RemoteForm.lambda$30(RemoteForm.java:758)
	at lsfusion.server.logics.form.interactive.controller.remote.RemoteForm.lambda$36(RemoteForm.java:1050)
	at lsfusion.server.base.controller.remote.RemoteRequestObject$1.callInvocation(RemoteRequestObject.java:190)
	at lsfusion.server.base.controller.remote.ui.RemotePausableInvocation.runInvocation(RemotePausableInvocation.java:118)
	at lsfusion.server.base.controller.remote.ui.PausableInvocation.lambda$0(PausableInvocation.java:41)
	at java.base/java.util.concurrent.Executors$RunnableAdapter.call(Executors.java:515)
	at lsfusion.server.base.controller.thread.ExecutorFactory.lambda$1(ExecutorFactory.java:443)
	at lsfusion.server.base.controller.thread.WrappingExecutorService.lambda$0(WrappingExecutorService.java:35)
	at java.base/java.util.concurrent.Executors$RunnableAdapter.call(Executors.java:515)
	at java.base/java.util.concurrent.FutureTask.run(FutureTask.java:264)
	at java.base/java.util.concurrent.ThreadPoolExecutor.runWorker(ThreadPoolExecutor.java:1128)
	at java.base/java.util.concurrent.ThreadPoolExecutor$Worker.run(ThreadPoolExecutor.java:628)
	at java.base/java.lang.Thread.run(Thread.java:829)
	at lsfusion.server.base.controller.thread.ExecutorFactory$ClosableDaemonThreadFactory$ClosableThread.run(ExecutorFactory.java:558)

