13 дек. 2024 20:29:12,710 system - system - system  INFO SQLConflictLogger - TRANSACTION  lsfusion.server.data.sql.exception.SQLConflictException: UPDATE_CONFLICT UPDATE _auto SET Time_currentDateTimeSnapshot=CAST('2024-12-13 20:29:12.677455+03' AS timestamp) FROM dumb WHERE 1=1
15 дек. 2024 00:58:51,583 system - system - system  INFO SQLConflictLogger - TRANSACTION  lsfusion.server.data.sql.exception.SQLConflictException: UPDATE_CONFLICT UPDATE _auto SET Time_currentZDateTimeSnapshot=CAST(('2024-12-15 00:58:51.485182+03') AS timestamptz) FROM dumb WHERE 1=1
15 дек. 2024 00:58:52,814 system - system - system  INFO SQLConflictLogger - TRANSACTION  lsfusion.server.data.sql.exception.SQLConflictException: UPDATE_CONFLICT UPDATE _auto SET Profiler_explainThreshold=100 FROM dumb WHERE 1=1
15 дек. 2024 16:11:16,620 system - system - system  INFO SQLConflictLogger - TRANSACTION  lsfusion.server.data.sql.exception.SQLConflictException: UPDATE_CONFLICT UPDATE Authentication_customUser SET SystemEvents_countConnection_CustomUser=4 FROM dumb WHERE Authentication_customUser.key0=262 AND 1=1
15 дек. 2024 16:11:16,608 system - system - system  INFO SQLConflictLogger - TRANSACTION  lsfusion.server.data.sql.exception.SQLConflictException: UPDATE_CONFLICT UPDATE Authentication_customUser SET SystemEvents_countConnection_CustomUser=4 FROM dumb WHERE Authentication_customUser.key0=262 AND 1=1
15 дек. 2024 16:11:16,940 system - system - system  INFO SQLConflictLogger - TRANSACTION  lsfusion.server.data.sql.exception.SQLConflictException: UPDATE_CONFLICT UPDATE Authentication_customUser SET SystemEvents_countConnection_CustomUser=5 FROM dumb WHERE Authentication_customUser.key0=262 AND 1=1
15 дек. 2024 16:11:16,998 system - system - system  INFO SQLConflictLogger - TRANSACTION  lsfusion.server.data.sql.exception.SQLConflictException: UPDATE_CONFLICT UPDATE Authentication_customUser SET SystemEvents_countConnection_CustomUser=5 FROM dumb WHERE Authentication_customUser.key0=262 AND 1=1
15 дек. 2024 16:11:17,191 system - system - system  INFO SQLConflictLogger - TRANSACTION  lsfusion.server.data.sql.exception.SQLConflictException: UPDATE_CONFLICT UPDATE Authentication_customUser SET SystemEvents_countConnection_CustomUser=6 FROM dumb WHERE Authentication_customUser.key0=262 AND 1=1
15 дек. 2024 16:11:17,473 system - system - system  INFO SQLConflictLogger - TRANSACTION  lsfusion.server.data.sql.exception.SQLConflictException: UPDATE_CONFLICT UPDATE Authentication_customUser SET SystemEvents_countConnection_CustomUser=7 FROM dumb WHERE Authentication_customUser.key0=262 AND 1=1
15 дек. 2024 16:11:40,371 system - system - system  INFO SQLConflictLogger - TRANSACTION  lsfusion.server.data.sql.exception.SQLConflictException: UPDATE_CONFLICT UPDATE Authentication_customUser SET SystemEvents_countConnection_CustomUser=22 FROM dumb WHERE Authentication_customUser.key0=262 AND 1=1
16 дек. 2024 18:48:55,480 system - system - system  INFO SQLConflictLogger - TRANSACTION  lsfusion.server.data.sql.exception.SQLConflictException: UPDATE_CONFLICT UPDATE _auto SET Time_currentDate=CAST(('2024-12-16 +03') AS date) FROM dumb WHERE 1=1
19 дек. 2024 15:34:27,802 system - system - system  INFO SQLConflictLogger - TRANSACTION  lsfusion.server.data.sql.exception.SQLConflictException: UPDATE_CONFLICT UPDATE _auto SET Time_currentDate=CAST(('2024-12-19 +03') AS date) FROM dumb WHERE 1=1
19 дек. 2024 22:33:43,201 system - system - system  INFO SQLConflictLogger - TRANSACTION  lsfusion.server.data.sql.exception.SQLConflictException: UPDATE_CONFLICT UPDATE Authentication_customUser SET SystemEvents_countConnection_CustomUser=52 FROM dumb WHERE Authentication_customUser.key0=262 AND 1=1
20 дек. 2024 13:27:24,956 system - system - system  INFO SQLConflictLogger - TRANSACTION  lsfusion.server.data.sql.exception.SQLConflictException: UPDATE_CONFLICT UPDATE _auto SET Time_currentZDateTimeSnapshot=CAST(('2024-12-20 13:27:24.804166+03') AS timestamptz) FROM dumb WHERE 1=1
20 дек. 2024 14:50:58,396 system - system - system  INFO SQLConflictLogger - TRANSACTION  lsfusion.server.data.sql.exception.SQLConflictException: UPDATE_CONFLICT UPDATE Authentication_customUser SET SystemEvents_countConnection_CustomUser=65 FROM dumb WHERE Authentication_customUser.key0=262 AND 1=1
20 дек. 2024 14:50:58,620 system - system - system  INFO SQLConflictLogger - TRANSACTION  lsfusion.server.data.sql.exception.SQLConflictException: UPDATE_CONFLICT UPDATE Authentication_customUser SET SystemEvents_countConnection_CustomUser=66 FROM dumb WHERE Authentication_customUser.key0=262 AND 1=1
20 дек. 2024 15:42:41,560 system - system - system  INFO SQLConflictLogger - TRANSACTION  lsfusion.server.data.sql.exception.SQLConflictException: UPDATE_CONFLICT UPDATE Authentication_customUser SET SystemEvents_countConnection_CustomUser=87 FROM dumb WHERE Authentication_customUser.key0=262 AND 1=1
20 дек. 2024 15:42:41,563 system - system - system  INFO SQLConflictLogger - TRANSACTION  lsfusion.server.data.sql.exception.SQLConflictException: UPDATE_CONFLICT UPDATE Authentication_customUser SET SystemEvents_countConnection_CustomUser=87 FROM dumb WHERE Authentication_customUser.key0=262 AND 1=1
20 дек. 2024 15:42:41,954 system - system - system  INFO SQLConflictLogger - TRANSACTION  lsfusion.server.data.sql.exception.SQLConflictException: UPDATE_CONFLICT UPDATE Authentication_customUser SET SystemEvents_countConnection_CustomUser=88 FROM dumb WHERE Authentication_customUser.key0=262 AND 1=1
20 дек. 2024 15:47:34,910 system - system - system  INFO SQLConflictLogger - TRANSACTION  lsfusion.server.data.sql.exception.SQLConflictException: UPDATE_CONFLICT UPDATE Authentication_customUser SET SystemEvents_countConnection_CustomUser=108 FROM dumb WHERE Authentication_customUser.key0=262 AND 1=1
20 дек. 2024 15:47:34,926 system - system - system  INFO SQLConflictLogger - TRANSACTION  lsfusion.server.data.sql.exception.SQLConflictException: UPDATE_CONFLICT UPDATE Authentication_customUser SET SystemEvents_countConnection_CustomUser=108 FROM dumb WHERE Authentication_customUser.key0=262 AND 1=1
20 дек. 2024 15:47:35,176 system - system - system  INFO SQLConflictLogger - TRANSACTION  lsfusion.server.data.sql.exception.SQLConflictException: UPDATE_CONFLICT UPDATE Authentication_customUser SET SystemEvents_countConnection_CustomUser=109 FROM dumb WHERE Authentication_customUser.key0=262 AND 1=1
20 дек. 2024 15:58:34,742 system - system - system  INFO SQLConflictLogger - TRANSACTION  lsfusion.server.data.sql.exception.SQLConflictException: UPDATE_CONFLICT UPDATE Authentication_customUser SET SystemEvents_countConnection_CustomUser=121 FROM dumb WHERE Authentication_customUser.key0=262 AND 1=1
20 дек. 2024 16:30:06,996 system - system - system  INFO SQLConflictLogger - TRANSACTION  lsfusion.server.data.sql.exception.SQLConflictException: UPDATE_CONFLICT UPDATE Authentication_customUser SET SystemEvents_countConnection_CustomUser=138 FROM dumb WHERE Authentication_customUser.key0=262 AND 1=1
20 дек. 2024 16:30:07,006 system - system - system  INFO SQLConflictLogger - TRANSACTION  lsfusion.server.data.sql.exception.SQLConflictException: UPDATE_CONFLICT UPDATE Authentication_customUser SET SystemEvents_countConnection_CustomUser=138 FROM dumb WHERE Authentication_customUser.key0=262 AND 1=1
20 дек. 2024 16:30:07,268 system - system - system  INFO SQLConflictLogger - TRANSACTION  lsfusion.server.data.sql.exception.SQLConflictException: UPDATE_CONFLICT UPDATE Authentication_customUser SET SystemEvents_countConnection_CustomUser=139 FROM dumb WHERE Authentication_customUser.key0=262 AND 1=1
20 дек. 2024 16:37:32,572 system - system - system  INFO SQLConflictLogger - TRANSACTION  lsfusion.server.data.sql.exception.SQLConflictException: UPDATE_CONFLICT UPDATE Authentication_customUser SET SystemEvents_countConnection_CustomUser=159 FROM dumb WHERE Authentication_customUser.key0=262 AND 1=1
20 дек. 2024 16:37:32,572 system - system - system  INFO SQLConflictLogger - TRANSACTION  lsfusion.server.data.sql.exception.SQLConflictException: UPDATE_CONFLICT UPDATE Authentication_customUser SET SystemEvents_countConnection_CustomUser=159 FROM dumb WHERE Authentication_customUser.key0=262 AND 1=1
20 дек. 2024 16:37:32,832 system - system - system  INFO SQLConflictLogger - TRANSACTION  lsfusion.server.data.sql.exception.SQLConflictException: UPDATE_CONFLICT UPDATE Authentication_customUser SET SystemEvents_countConnection_CustomUser=160 FROM dumb WHERE Authentication_customUser.key0=262 AND 1=1
20 дек. 2024 16:37:33,017 system - system - system  INFO SQLConflictLogger - TRANSACTION  lsfusion.server.data.sql.exception.SQLConflictException: UPDATE_CONFLICT UPDATE Authentication_customUser SET SystemEvents_countConnection_CustomUser=161 FROM dumb WHERE Authentication_customUser.key0=262 AND 1=1
20 дек. 2024 16:41:47,613 system - system - system  INFO SQLConflictLogger - TRANSACTION  lsfusion.server.data.sql.exception.SQLConflictException: UPDATE_CONFLICT UPDATE Authentication_customUser SET SystemEvents_countConnection_CustomUser=177 FROM dumb WHERE Authentication_customUser.key0=262 AND 1=1
20 дек. 2024 16:41:47,625 system - system - system  INFO SQLConflictLogger - TRANSACTION  lsfusion.server.data.sql.exception.SQLConflictException: UPDATE_CONFLICT UPDATE Authentication_customUser SET SystemEvents_countConnection_CustomUser=177 FROM dumb WHERE Authentication_customUser.key0=262 AND 1=1
20 дек. 2024 16:41:47,875 system - system - system  INFO SQLConflictLogger - TRANSACTION  lsfusion.server.data.sql.exception.SQLConflictException: UPDATE_CONFLICT UPDATE Authentication_customUser SET SystemEvents_countConnection_CustomUser=178 FROM dumb WHERE Authentication_customUser.key0=262 AND 1=1
20 дек. 2024 16:42:00,866 system - system - system  INFO SQLConflictLogger - TRANSACTION  lsfusion.server.data.sql.exception.SQLConflictException: UPDATE_CONFLICT UPDATE Authentication_customUser SET SystemEvents_countConnection_CustomUser=192 FROM dumb WHERE Authentication_customUser.key0=262 AND 1=1
20 дек. 2024 19:05:06,043 system - system - system  INFO SQLConflictLogger - TRANSACTION  lsfusion.server.data.sql.exception.SQLConflictException: UPDATE_CONFLICT UPDATE Authentication_customUser SET SystemEvents_countConnection_CustomUser=198 FROM dumb WHERE Authentication_customUser.key0=262 AND 1=1
21 дек. 2024 20:14:49,771 system - system - system  INFO SQLConflictLogger - TRANSACTION  lsfusion.server.data.sql.exception.SQLConflictException: UPDATE_CONFLICT UPDATE _auto SET Time_currentDate=CAST(('2024-12-21 +03') AS date) FROM dumb WHERE 1=1
21 дек. 2024 20:40:01,108 system - system - system  INFO SQLConflictLogger - TRANSACTION  lsfusion.server.data.sql.exception.SQLConflictException: UPDATE_CONFLICT UPDATE Authentication_customUser SET SystemEvents_countConnection_CustomUser=209 FROM dumb WHERE Authentication_customUser.key0=262 AND 1=1
21 дек. 2024 20:51:00,652 system - system - system  INFO SQLConflictLogger - TRANSACTION  lsfusion.server.data.sql.exception.SQLConflictException: UPDATE_CONFLICT UPDATE Authentication_customUser SET SystemEvents_countConnection_CustomUser=218 FROM dumb WHERE Authentication_customUser.key0=262 AND 1=1
21 дек. 2024 20:55:41,274 system - system - system  INFO SQLConflictLogger - TRANSACTION  lsfusion.server.data.sql.exception.SQLConflictException: UPDATE_CONFLICT UPDATE Authentication_customUser SET SystemEvents_countConnection_CustomUser=226 FROM dumb WHERE Authentication_customUser.key0=262 AND 1=1
21 дек. 2024 21:02:37,182 system - system - system  INFO SQLConflictLogger - TRANSACTION  lsfusion.server.data.sql.exception.SQLConflictException: UPDATE_CONFLICT UPDATE Authentication_customUser SET SystemEvents_countConnection_CustomUser=233 FROM dumb WHERE Authentication_customUser.key0=262 AND 1=1
21 дек. 2024 21:02:37,175 system - system - system  INFO SQLConflictLogger - TRANSACTION  lsfusion.server.data.sql.exception.SQLConflictException: UPDATE_CONFLICT UPDATE Authentication_customUser SET SystemEvents_countConnection_CustomUser=233 FROM dumb WHERE Authentication_customUser.key0=262 AND 1=1
21 дек. 2024 21:02:37,438 system - system - system  INFO SQLConflictLogger - TRANSACTION  lsfusion.server.data.sql.exception.SQLConflictException: UPDATE_CONFLICT UPDATE Authentication_customUser SET SystemEvents_countConnection_CustomUser=234 FROM dumb WHERE Authentication_customUser.key0=262 AND 1=1
22 дек. 2024 17:59:13,239 system - system - system  INFO SQLConflictLogger - TRANSACTION  lsfusion.server.data.sql.exception.SQLConflictException: UPDATE_CONFLICT UPDATE _auto SET Time_currentDate=CAST(('2024-12-22 +03') AS date) FROM dumb WHERE 1=1
22 дек. 2024 18:06:28,732 system - system - system  INFO SQLConflictLogger - TRANSACTION  lsfusion.server.data.sql.exception.SQLConflictException: UPDATE_CONFLICT UPDATE Authentication_customUser SET SystemEvents_countConnection_CustomUser=251 FROM dumb WHERE Authentication_customUser.key0=262 AND 1=1
22 дек. 2024 18:21:36,654 system - system - system  INFO SQLConflictLogger - TRANSACTION  lsfusion.server.data.sql.exception.SQLConflictException: UPDATE_CONFLICT UPDATE Authentication_customUser SET SystemEvents_countConnection_CustomUser=260 FROM dumb WHERE Authentication_customUser.key0=262 AND 1=1
22 дек. 2024 18:21:36,940 system - system - system  INFO SQLConflictLogger - TRANSACTION  lsfusion.server.data.sql.exception.SQLConflictException: UPDATE_CONFLICT UPDATE Authentication_customUser SET SystemEvents_countConnection_CustomUser=261 FROM dumb WHERE Authentication_customUser.key0=262 AND 1=1
22 дек. 2024 18:23:34,240 system - system - system  INFO SQLConflictLogger - TRANSACTION  lsfusion.server.data.sql.exception.SQLConflictException: UPDATE_CONFLICT UPDATE Authentication_customUser SET SystemEvents_countConnection_CustomUser=276 FROM dumb WHERE Authentication_customUser.key0=262 AND 1=1
22 дек. 2024 18:23:34,242 system - system - system  INFO SQLConflictLogger - TRANSACTION  lsfusion.server.data.sql.exception.SQLConflictException: UPDATE_CONFLICT UPDATE Authentication_customUser SET SystemEvents_countConnection_CustomUser=276 FROM dumb WHERE Authentication_customUser.key0=262 AND 1=1
22 дек. 2024 18:23:34,495 system - system - system  INFO SQLConflictLogger - TRANSACTION  lsfusion.server.data.sql.exception.SQLConflictException: UPDATE_CONFLICT UPDATE Authentication_customUser SET SystemEvents_countConnection_CustomUser=277 FROM dumb WHERE Authentication_customUser.key0=262 AND 1=1
22 дек. 2024 18:23:34,835 system - system - system  INFO SQLConflictLogger - TRANSACTION  lsfusion.server.data.sql.exception.SQLConflictException: UPDATE_CONFLICT UPDATE Authentication_customUser SET SystemEvents_countConnection_CustomUser=278 FROM dumb WHERE Authentication_customUser.key0=262 AND 1=1
22 дек. 2024 18:28:38,158 system - system - system  INFO SQLConflictLogger - TRANSACTION  lsfusion.server.data.sql.exception.SQLConflictException: UPDATE_CONFLICT UPDATE Authentication_customUser SET SystemEvents_countConnection_CustomUser=295 FROM dumb WHERE Authentication_customUser.key0=262 AND 1=1
22 дек. 2024 18:28:38,170 system - system - system  INFO SQLConflictLogger - TRANSACTION  lsfusion.server.data.sql.exception.SQLConflictException: UPDATE_CONFLICT UPDATE Authentication_customUser SET SystemEvents_countConnection_CustomUser=295 FROM dumb WHERE Authentication_customUser.key0=262 AND 1=1
22 дек. 2024 18:28:38,159 system - system - system  INFO SQLConflictLogger - TRANSACTION  lsfusion.server.data.sql.exception.SQLConflictException: UPDATE_CONFLICT UPDATE Authentication_customUser SET SystemEvents_countConnection_CustomUser=295 FROM dumb WHERE Authentication_customUser.key0=262 AND 1=1
22 дек. 2024 18:28:38,459 system - system - system  INFO SQLConflictLogger - TRANSACTION  lsfusion.server.data.sql.exception.SQLConflictException: UPDATE_CONFLICT UPDATE Authentication_customUser SET SystemEvents_countConnection_CustomUser=296 FROM dumb WHERE Authentication_customUser.key0=262 AND 1=1
22 дек. 2024 18:28:38,484 system - system - system  INFO SQLConflictLogger - TRANSACTION  lsfusion.server.data.sql.exception.SQLConflictException: UPDATE_CONFLICT UPDATE Authentication_customUser SET SystemEvents_countConnection_CustomUser=296 FROM dumb WHERE Authentication_customUser.key0=262 AND 1=1
22 дек. 2024 18:28:38,688 system - system - system  INFO SQLConflictLogger - TRANSACTION  lsfusion.server.data.sql.exception.SQLConflictException: UPDATE_CONFLICT UPDATE Authentication_customUser SET SystemEvents_countConnection_CustomUser=297 FROM dumb WHERE Authentication_customUser.key0=262 AND 1=1
22 дек. 2024 18:28:38,936 system - system - system  INFO SQLConflictLogger - TRANSACTION  lsfusion.server.data.sql.exception.SQLConflictException: UPDATE_CONFLICT UPDATE Authentication_customUser SET SystemEvents_countConnection_CustomUser=298 FROM dumb WHERE Authentication_customUser.key0=262 AND 1=1
22 дек. 2024 18:35:07,309 system - system - system  INFO SQLConflictLogger - TRANSACTION  lsfusion.server.data.sql.exception.SQLConflictException: UPDATE_CONFLICT UPDATE Authentication_customUser SET SystemEvents_countConnection_CustomUser=312 FROM dumb WHERE Authentication_customUser.key0=262 AND 1=1
22 дек. 2024 18:35:07,319 system - system - system  INFO SQLConflictLogger - TRANSACTION  lsfusion.server.data.sql.exception.SQLConflictException: UPDATE_CONFLICT UPDATE Authentication_customUser SET SystemEvents_countConnection_CustomUser=312 FROM dumb WHERE Authentication_customUser.key0=262 AND 1=1
22 дек. 2024 18:35:07,593 system - system - system  INFO SQLConflictLogger - TRANSACTION  lsfusion.server.data.sql.exception.SQLConflictException: UPDATE_CONFLICT UPDATE Authentication_customUser SET SystemEvents_countConnection_CustomUser=313 FROM dumb WHERE Authentication_customUser.key0=262 AND 1=1
22 дек. 2024 19:47:36,834 system - system - system  INFO SQLConflictLogger - TRANSACTION  lsfusion.server.data.sql.exception.SQLConflictException: UPDATE_CONFLICT UPDATE Authentication_customUser SET SystemEvents_countConnection_CustomUser=336 FROM dumb WHERE Authentication_customUser.key0=262 AND 1=1
22 дек. 2024 21:05:11,596 system - system - system  INFO SQLConflictLogger - TRANSACTION  lsfusion.server.data.sql.exception.SQLConflictException: UPDATE_CONFLICT UPDATE Authentication_customUser SET SystemEvents_countConnection_CustomUser=349 FROM dumb WHERE Authentication_customUser.key0=262 AND 1=1
22 дек. 2024 21:05:11,596 system - system - system  INFO SQLConflictLogger - TRANSACTION  lsfusion.server.data.sql.exception.SQLConflictException: UPDATE_CONFLICT UPDATE Authentication_customUser SET SystemEvents_countConnection_CustomUser=349 FROM dumb WHERE Authentication_customUser.key0=262 AND 1=1
22 дек. 2024 21:05:11,802 system - system - system  INFO SQLConflictLogger - TRANSACTION  lsfusion.server.data.sql.exception.SQLConflictException: UPDATE_CONFLICT UPDATE Authentication_customUser SET SystemEvents_countConnection_CustomUser=350 FROM dumb WHERE Authentication_customUser.key0=262 AND 1=1
22 дек. 2024 21:09:29,506 system - system - system  INFO SQLConflictLogger - TRANSACTION  lsfusion.server.data.sql.exception.SQLConflictException: UPDATE_CONFLICT UPDATE Authentication_customUser SET SystemEvents_countConnection_CustomUser=362 FROM dumb WHERE Authentication_customUser.key0=262 AND 1=1
22 дек. 2024 21:12:10,851 system - system - system  INFO SQLConflictLogger - TRANSACTION  lsfusion.server.data.sql.exception.SQLConflictException: UPDATE_CONFLICT UPDATE Authentication_customUser SET SystemEvents_countConnection_CustomUser=375 FROM dumb WHERE Authentication_customUser.key0=262 AND 1=1
22 дек. 2024 21:13:09,226 system - system - system  INFO SQLConflictLogger - TRANSACTION  lsfusion.server.data.sql.exception.SQLConflictException: UPDATE_CONFLICT UPDATE Authentication_customUser SET SystemEvents_countConnection_CustomUser=386 FROM dumb WHERE Authentication_customUser.key0=262 AND 1=1
22 дек. 2024 21:13:09,231 system - system - system  INFO SQLConflictLogger - TRANSACTION  lsfusion.server.data.sql.exception.SQLConflictException: UPDATE_CONFLICT UPDATE Authentication_customUser SET SystemEvents_countConnection_CustomUser=386 FROM dumb WHERE Authentication_customUser.key0=262 AND 1=1
22 дек. 2024 21:13:09,379 system - system - system  INFO SQLConflictLogger - TRANSACTION  lsfusion.server.data.sql.exception.SQLConflictException: UPDATE_CONFLICT UPDATE Authentication_customUser SET SystemEvents_countConnection_CustomUser=387 FROM dumb WHERE Authentication_customUser.key0=262 AND 1=1
22 дек. 2024 21:17:14,050 system - system - system  INFO SQLConflictLogger - TRANSACTION  lsfusion.server.data.sql.exception.SQLConflictException: UPDATE_CONFLICT UPDATE Authentication_customUser SET SystemEvents_countConnection_CustomUser=401 FROM dumb WHERE Authentication_customUser.key0=262 AND 1=1
22 дек. 2024 21:22:13,603 system - system - system  INFO SQLConflictLogger - TRANSACTION  lsfusion.server.data.sql.exception.SQLConflictException: UPDATE_CONFLICT UPDATE Authentication_customUser SET SystemEvents_countConnection_CustomUser=412 FROM dumb WHERE Authentication_customUser.key0=262 AND 1=1
22 дек. 2024 21:39:34,386 system - system - system  INFO SQLConflictLogger - TRANSACTION  lsfusion.server.data.sql.exception.SQLConflictException: UPDATE_CONFLICT UPDATE Authentication_customUser SET SystemEvents_countConnection_CustomUser=423 FROM dumb WHERE Authentication_customUser.key0=262 AND 1=1
23 дек. 2024 13:24:27,055 system - system - system  INFO SQLConflictLogger - TRANSACTION  lsfusion.server.data.sql.exception.SQLConflictException: UPDATE_CONFLICT UPDATE _auto SET Time_currentDate=CAST(('2024-12-23 +03') AS date) FROM dumb WHERE 1=1
23 дек. 2024 17:52:53,580 system - system - system  INFO SQLConflictLogger - TRANSACTION  lsfusion.server.data.sql.exception.SQLConflictException: UPDATE_CONFLICT UPDATE Authentication_customUser SET SystemEvents_countConnection_CustomUser=452 FROM dumb WHERE Authentication_customUser.key0=262 AND 1=1
23 дек. 2024 17:52:53,586 system - system - system  INFO SQLConflictLogger - TRANSACTION  lsfusion.server.data.sql.exception.SQLConflictException: UPDATE_CONFLICT UPDATE Authentication_customUser SET SystemEvents_countConnection_CustomUser=452 FROM dumb WHERE Authentication_customUser.key0=262 AND 1=1
23 дек. 2024 17:52:53,927 system - system - system  INFO SQLConflictLogger - TRANSACTION  lsfusion.server.data.sql.exception.SQLConflictException: UPDATE_CONFLICT UPDATE Authentication_customUser SET SystemEvents_countConnection_CustomUser=453 FROM dumb WHERE Authentication_customUser.key0=262 AND 1=1
23 дек. 2024 22:51:46,518 system - system - system  INFO SQLConflictLogger - TRANSACTION  lsfusion.server.data.sql.exception.SQLConflictException: UPDATE_CONFLICT UPDATE Authentication_customUser SET SystemEvents_countConnection_CustomUser=477 FROM dumb WHERE Authentication_customUser.key0=262 AND 1=1
23 дек. 2024 22:58:46,238 system - system - system  INFO SQLConflictLogger - TRANSACTION  lsfusion.server.data.sql.exception.SQLConflictException: UPDATE_CONFLICT UPDATE Authentication_customUser SET SystemEvents_countConnection_CustomUser=496 FROM dumb WHERE Authentication_customUser.key0=262 AND 1=1
23 дек. 2024 22:58:46,237 system - system - system  INFO SQLConflictLogger - TRANSACTION  lsfusion.server.data.sql.exception.SQLConflictException: UPDATE_CONFLICT UPDATE Authentication_customUser SET SystemEvents_countConnection_CustomUser=496 FROM dumb WHERE Authentication_customUser.key0=262 AND 1=1
23 дек. 2024 22:58:46,408 system - system - system  INFO SQLConflictLogger - TRANSACTION  lsfusion.server.data.sql.exception.SQLConflictException: UPDATE_CONFLICT UPDATE Authentication_customUser SET SystemEvents_countConnection_CustomUser=497 FROM dumb WHERE Authentication_customUser.key0=262 AND 1=1
24 дек. 2024 13:50:53,733 system - system - system  INFO SQLConflictLogger - TRANSACTION  lsfusion.server.data.sql.exception.SQLConflictException: UPDATE_CONFLICT UPDATE Authentication_customUser SET SystemEvents_countConnection_CustomUser=527 FROM dumb WHERE Authentication_customUser.key0=262 AND 1=1
24 дек. 2024 13:50:53,922 system - system - system  INFO SQLConflictLogger - TRANSACTION  lsfusion.server.data.sql.exception.SQLConflictException: UPDATE_CONFLICT UPDATE Authentication_customUser SET SystemEvents_countConnection_CustomUser=528 FROM dumb WHERE Authentication_customUser.key0=262 AND 1=1
24 дек. 2024 13:56:20,847 system - system - system  INFO SQLConflictLogger - TRANSACTION  lsfusion.server.data.sql.exception.SQLConflictException: UPDATE_CONFLICT UPDATE Authentication_customUser SET SystemEvents_countConnection_CustomUser=536 FROM dumb WHERE Authentication_customUser.key0=262 AND 1=1
24 дек. 2024 14:05:21,209 system - system - system  INFO SQLConflictLogger - TRANSACTION  lsfusion.server.data.sql.exception.SQLConflictException: UPDATE_CONFLICT UPDATE Authentication_customUser SET SystemEvents_countConnection_CustomUser=552 FROM dumb WHERE Authentication_customUser.key0=262 AND 1=1
24 дек. 2024 14:35:41,184 system - system - system  INFO SQLConflictLogger - TRANSACTION  lsfusion.server.data.sql.exception.SQLConflictException: UPDATE_CONFLICT UPDATE Authentication_customUser SET SystemEvents_countConnection_CustomUser=559 FROM dumb WHERE Authentication_customUser.key0=262 AND 1=1
24 дек. 2024 14:39:56,594 system - system - system  INFO SQLConflictLogger - TRANSACTION  lsfusion.server.data.sql.exception.SQLConflictException: UPDATE_CONFLICT UPDATE Authentication_customUser SET SystemEvents_countConnection_CustomUser=568 FROM dumb WHERE Authentication_customUser.key0=262 AND 1=1
24 дек. 2024 14:43:36,253 system - system - system  INFO SQLConflictLogger - TRANSACTION  lsfusion.server.data.sql.exception.SQLConflictException: UPDATE_CONFLICT UPDATE Authentication_customUser SET SystemEvents_countConnection_CustomUser=582 FROM dumb WHERE Authentication_customUser.key0=262 AND 1=1
24 дек. 2024 14:57:12,693 system - system - system  INFO SQLConflictLogger - TRANSACTION  lsfusion.server.data.sql.exception.SQLConflictException: UPDATE_CONFLICT UPDATE Authentication_customUser SET SystemEvents_countConnection_CustomUser=594 FROM dumb WHERE Authentication_customUser.key0=262 AND 1=1
24 дек. 2024 15:08:00,840 system - system - system  INFO SQLConflictLogger - TRANSACTION  lsfusion.server.data.sql.exception.SQLConflictException: UPDATE_CONFLICT UPDATE Authentication_customUser SET SystemEvents_countConnection_CustomUser=614 FROM dumb WHERE Authentication_customUser.key0=262 AND 1=1
24 дек. 2024 16:15:09,065 system - system - system  INFO SQLConflictLogger - TRANSACTION  lsfusion.server.data.sql.exception.SQLConflictException: UPDATE_CONFLICT UPDATE Authentication_customUser SET SystemEvents_countConnection_CustomUser=623 FROM dumb WHERE Authentication_customUser.key0=262 AND 1=1
24 дек. 2024 16:15:09,064 system - system - system  INFO SQLConflictLogger - TRANSACTION  lsfusion.server.data.sql.exception.SQLConflictException: UPDATE_CONFLICT UPDATE Authentication_customUser SET SystemEvents_countConnection_CustomUser=623 FROM dumb WHERE Authentication_customUser.key0=262 AND 1=1
24 дек. 2024 16:15:09,066 system - system - system  INFO SQLConflictLogger - TRANSACTION  lsfusion.server.data.sql.exception.SQLConflictException: UPDATE_CONFLICT UPDATE Authentication_customUser SET SystemEvents_countConnection_CustomUser=623 FROM dumb WHERE Authentication_customUser.key0=262 AND 1=1
24 дек. 2024 16:15:09,314 system - system - system  INFO SQLConflictLogger - TRANSACTION  lsfusion.server.data.sql.exception.SQLConflictException: UPDATE_CONFLICT UPDATE Authentication_customUser SET SystemEvents_countConnection_CustomUser=624 FROM dumb WHERE Authentication_customUser.key0=262 AND 1=1
24 дек. 2024 16:15:09,315 system - system - system  INFO SQLConflictLogger - TRANSACTION  lsfusion.server.data.sql.exception.SQLConflictException: UPDATE_CONFLICT UPDATE Authentication_customUser SET SystemEvents_countConnection_CustomUser=624 FROM dumb WHERE Authentication_customUser.key0=262 AND 1=1
24 дек. 2024 16:15:09,509 system - system - system  INFO SQLConflictLogger - TRANSACTION  lsfusion.server.data.sql.exception.SQLConflictException: UPDATE_CONFLICT UPDATE Authentication_customUser SET SystemEvents_countConnection_CustomUser=625 FROM dumb WHERE Authentication_customUser.key0=262 AND 1=1
24 дек. 2024 16:15:09,776 system - system - system  INFO SQLConflictLogger - TRANSACTION  lsfusion.server.data.sql.exception.SQLConflictException: UPDATE_CONFLICT UPDATE Authentication_customUser SET SystemEvents_countConnection_CustomUser=626 FROM dumb WHERE Authentication_customUser.key0=262 AND 1=1
24 дек. 2024 16:15:19,654 system - system - system  INFO SQLConflictLogger - TRANSACTION  lsfusion.server.data.sql.exception.SQLConflictException: UPDATE_CONFLICT UPDATE Authentication_customUser SET SystemEvents_countConnection_CustomUser=637 FROM dumb WHERE Authentication_customUser.key0=262 AND 1=1
24 дек. 2024 16:24:23,631 system - system - system  INFO SQLConflictLogger - TRANSACTION  lsfusion.server.data.sql.exception.SQLConflictException: UPDATE_CONFLICT UPDATE Authentication_customUser SET SystemEvents_countConnection_CustomUser=642 FROM dumb WHERE Authentication_customUser.key0=262 AND 1=1
24 дек. 2024 16:36:14,446 system - system - system  INFO SQLConflictLogger - TRANSACTION  lsfusion.server.data.sql.exception.SQLConflictException: UPDATE_CONFLICT UPDATE Authentication_customUser SET SystemEvents_countConnection_CustomUser=657 FROM dumb WHERE Authentication_customUser.key0=262 AND 1=1
24 дек. 2024 16:36:14,449 system - system - system  INFO SQLConflictLogger - TRANSACTION  lsfusion.server.data.sql.exception.SQLConflictException: UPDATE_CONFLICT UPDATE Authentication_customUser SET SystemEvents_countConnection_CustomUser=657 FROM dumb WHERE Authentication_customUser.key0=262 AND 1=1
24 дек. 2024 16:36:14,654 system - system - system  INFO SQLConflictLogger - TRANSACTION  lsfusion.server.data.sql.exception.SQLConflictException: UPDATE_CONFLICT UPDATE Authentication_customUser SET SystemEvents_countConnection_CustomUser=658 FROM dumb WHERE Authentication_customUser.key0=262 AND 1=1
24 дек. 2024 17:02:45,643 system - system - system  INFO SQLConflictLogger - TRANSACTION  lsfusion.server.data.sql.exception.SQLConflictException: UPDATE_CONFLICT UPDATE Authentication_customUser SET SystemEvents_countConnection_CustomUser=676 FROM dumb WHERE Authentication_customUser.key0=262 AND 1=1
24 дек. 2024 17:02:45,830 system - system - system  INFO SQLConflictLogger - TRANSACTION  lsfusion.server.data.sql.exception.SQLConflictException: UPDATE_CONFLICT UPDATE Authentication_customUser SET SystemEvents_countConnection_CustomUser=677 FROM dumb WHERE Authentication_customUser.key0=262 AND 1=1
24 дек. 2024 17:27:07,195 system - system - system  INFO SQLConflictLogger - TRANSACTION  lsfusion.server.data.sql.exception.SQLConflictException: UPDATE_CONFLICT UPDATE Authentication_customUser SET SystemEvents_countConnection_CustomUser=689 FROM dumb WHERE Authentication_customUser.key0=262 AND 1=1
24 дек. 2024 17:53:01,416 system - system - system  INFO SQLConflictLogger - TRANSACTION  lsfusion.server.data.sql.exception.SQLConflictException: UPDATE_CONFLICT UPDATE Authentication_customUser SET SystemEvents_countConnection_CustomUser=703 FROM dumb WHERE Authentication_customUser.key0=262 AND 1=1
24 дек. 2024 20:48:54,433 system - system - system  INFO SQLConflictLogger - TRANSACTION  lsfusion.server.data.sql.exception.SQLConflictException: UPDATE_CONFLICT UPDATE Authentication_customUser SET SystemEvents_countConnection_CustomUser=717 FROM dumb WHERE Authentication_customUser.key0=262 AND 1=1
24 дек. 2024 21:14:37,939 system - system - system  INFO SQLConflictLogger - TRANSACTION  lsfusion.server.data.sql.exception.SQLConflictException: UPDATE_CONFLICT UPDATE Authentication_customUser SET SystemEvents_countConnection_CustomUser=727 FROM dumb WHERE Authentication_customUser.key0=262 AND 1=1
24 дек. 2024 21:26:28,812 system - system - system  INFO SQLConflictLogger - TRANSACTION  lsfusion.server.data.sql.exception.SQLConflictException: UPDATE_CONFLICT UPDATE Authentication_customUser SET SystemEvents_countConnection_CustomUser=740 FROM dumb WHERE Authentication_customUser.key0=262 AND 1=1
24 дек. 2024 21:26:28,988 system - system - system  INFO SQLConflictLogger - TRANSACTION  lsfusion.server.data.sql.exception.SQLConflictException: UPDATE_CONFLICT UPDATE Authentication_customUser SET SystemEvents_countConnection_CustomUser=741 FROM dumb WHERE Authentication_customUser.key0=262 AND 1=1
24 дек. 2024 21:36:55,388 system - system - system  INFO SQLConflictLogger - TRANSACTION  lsfusion.server.data.sql.exception.SQLConflictException: UPDATE_CONFLICT UPDATE Authentication_customUser SET SystemEvents_countConnection_CustomUser=753 FROM dumb WHERE Authentication_customUser.key0=262 AND 1=1
24 дек. 2024 21:36:55,388 system - system - system  INFO SQLConflictLogger - TRANSACTION  lsfusion.server.data.sql.exception.SQLConflictException: UPDATE_CONFLICT UPDATE Authentication_customUser SET SystemEvents_countConnection_CustomUser=753 FROM dumb WHERE Authentication_customUser.key0=262 AND 1=1
24 дек. 2024 21:36:55,494 system - system - system  INFO SQLConflictLogger - TRANSACTION  lsfusion.server.data.sql.exception.SQLConflictException: UPDATE_CONFLICT UPDATE Authentication_customUser SET SystemEvents_countConnection_CustomUser=754 FROM dumb WHERE Authentication_customUser.key0=262 AND 1=1
24 дек. 2024 21:52:50,091 system - system - system  INFO SQLConflictLogger - TRANSACTION  lsfusion.server.data.sql.exception.SQLConflictException: UPDATE_CONFLICT UPDATE Authentication_customUser SET SystemEvents_countConnection_CustomUser=767 FROM dumb WHERE Authentication_customUser.key0=262 AND 1=1
24 дек. 2024 22:15:15,873 system - system - system  INFO SQLConflictLogger - TRANSACTION  lsfusion.server.data.sql.exception.SQLConflictException: UPDATE_CONFLICT UPDATE Authentication_customUser SET SystemEvents_countConnection_CustomUser=777 FROM dumb WHERE Authentication_customUser.key0=262 AND 1=1
24 дек. 2024 22:15:16,032 system - system - system  INFO SQLConflictLogger - TRANSACTION  lsfusion.server.data.sql.exception.SQLConflictException: UPDATE_CONFLICT UPDATE Authentication_customUser SET SystemEvents_countConnection_CustomUser=778 FROM dumb WHERE Authentication_customUser.key0=262 AND 1=1
24 дек. 2024 22:18:20,530 system - system - system  INFO SQLConflictLogger - TRANSACTION  lsfusion.server.data.sql.exception.SQLConflictException: UPDATE_CONFLICT UPDATE Authentication_customUser SET SystemEvents_countConnection_CustomUser=790 FROM dumb WHERE Authentication_customUser.key0=262 AND 1=1
24 дек. 2024 22:18:20,699 system - system - system  INFO SQLConflictLogger - TRANSACTION  lsfusion.server.data.sql.exception.SQLConflictException: UPDATE_CONFLICT UPDATE Authentication_customUser SET SystemEvents_countConnection_CustomUser=791 FROM dumb WHERE Authentication_customUser.key0=262 AND 1=1
24 дек. 2024 22:35:12,044 system - system - system  INFO SQLConflictLogger - TRANSACTION  lsfusion.server.data.sql.exception.SQLConflictException: UPDATE_CONFLICT UPDATE Authentication_customUser SET SystemEvents_countConnection_CustomUser=805 FROM dumb WHERE Authentication_customUser.key0=262 AND 1=1
24 дек. 2024 22:37:29,179 system - system - system  INFO SQLConflictLogger - TRANSACTION  lsfusion.server.data.sql.exception.SQLConflictException: UPDATE_CONFLICT UPDATE Authentication_customUser SET SystemEvents_countConnection_CustomUser=824 FROM dumb WHERE Authentication_customUser.key0=262 AND 1=1
24 дек. 2024 22:40:29,435 system - system - system  INFO SQLConflictLogger - TRANSACTION  lsfusion.server.data.sql.exception.SQLConflictException: UPDATE_CONFLICT UPDATE Authentication_customUser SET SystemEvents_countConnection_CustomUser=837 FROM dumb WHERE Authentication_customUser.key0=262 AND 1=1
24 дек. 2024 22:40:37,986 system - system - system  INFO SQLConflictLogger - TRANSACTION  lsfusion.server.data.sql.exception.SQLConflictException: UPDATE_CONFLICT UPDATE Authentication_customUser SET SystemEvents_countConnection_CustomUser=847 FROM dumb WHERE Authentication_customUser.key0=262 AND 1=1
24 дек. 2024 22:53:13,059 system - system - system  INFO SQLConflictLogger - TRANSACTION  lsfusion.server.data.sql.exception.SQLConflictException: UPDATE_CONFLICT UPDATE Authentication_customUser SET SystemEvents_countConnection_CustomUser=851 FROM dumb WHERE Authentication_customUser.key0=262 AND 1=1
24 дек. 2024 22:53:13,055 system - system - system  INFO SQLConflictLogger - TRANSACTION  lsfusion.server.data.sql.exception.SQLConflictException: UPDATE_CONFLICT UPDATE Authentication_customUser SET SystemEvents_countConnection_CustomUser=851 FROM dumb WHERE Authentication_customUser.key0=262 AND 1=1
24 дек. 2024 22:53:13,194 system - system - system  INFO SQLConflictLogger - TRANSACTION  lsfusion.server.data.sql.exception.SQLConflictException: UPDATE_CONFLICT UPDATE Authentication_customUser SET SystemEvents_countConnection_CustomUser=852 FROM dumb WHERE Authentication_customUser.key0=262 AND 1=1
25 дек. 2024 11:35:30,546 system - system - system  INFO SQLConflictLogger - TRANSACTION  lsfusion.server.data.sql.exception.SQLConflictException: UPDATE_CONFLICT UPDATE _auto SET Time_currentZDateTimeSnapshot=CAST(('2024-12-25 11:35:30.476025+03') AS timestamptz) FROM dumb WHERE 1=1
25 дек. 2024 12:59:21,396 system - system - system  INFO SQLConflictLogger - TRANSACTION  lsfusion.server.data.sql.exception.SQLConflictException: UPDATE_CONFLICT UPDATE Authentication_customUser SET SystemEvents_countConnection_CustomUser=865 FROM dumb WHERE Authentication_customUser.key0=262 AND 1=1
25 дек. 2024 12:59:21,660 system - system - system  INFO SQLConflictLogger - TRANSACTION  lsfusion.server.data.sql.exception.SQLConflictException: UPDATE_CONFLICT UPDATE Authentication_customUser SET SystemEvents_countConnection_CustomUser=866 FROM dumb WHERE Authentication_customUser.key0=262 AND 1=1
25 дек. 2024 13:00:44,909 system - system - system  INFO SQLConflictLogger - TRANSACTION  lsfusion.server.data.sql.exception.SQLConflictException: UPDATE_CONFLICT UPDATE Authentication_customUser SET SystemEvents_countConnection_CustomUser=881 FROM dumb WHERE Authentication_customUser.key0=262 AND 1=1
25 дек. 2024 13:25:45,842 system - system - system  INFO SQLConflictLogger - TRANSACTION  lsfusion.server.data.sql.exception.SQLConflictException: UPDATE_CONFLICT UPDATE Authentication_customUser SET SystemEvents_countConnection_CustomUser=893 FROM dumb WHERE Authentication_customUser.key0=262 AND 1=1
25 дек. 2024 13:44:20,890 system - system - system  INFO SQLConflictLogger - TRANSACTION  lsfusion.server.data.sql.exception.SQLConflictException: UPDATE_CONFLICT UPDATE Authentication_customUser SET SystemEvents_countConnection_CustomUser=903 FROM dumb WHERE Authentication_customUser.key0=262 AND 1=1
25 дек. 2024 13:44:20,890 system - system - system  INFO SQLConflictLogger - TRANSACTION  lsfusion.server.data.sql.exception.SQLConflictException: UPDATE_CONFLICT UPDATE Authentication_customUser SET SystemEvents_countConnection_CustomUser=903 FROM dumb WHERE Authentication_customUser.key0=262 AND 1=1
25 дек. 2024 13:44:21,211 system - system - system  INFO SQLConflictLogger - TRANSACTION  lsfusion.server.data.sql.exception.SQLConflictException: UPDATE_CONFLICT UPDATE Authentication_customUser SET SystemEvents_countConnection_CustomUser=904 FROM dumb WHERE Authentication_customUser.key0=262 AND 1=1
25 дек. 2024 13:44:21,687 system - system - system  INFO SQLConflictLogger - TRANSACTION  lsfusion.server.data.sql.exception.SQLConflictException: UPDATE_CONFLICT UPDATE Authentication_customUser SET SystemEvents_countConnection_CustomUser=905 FROM dumb WHERE Authentication_customUser.key0=262 AND 1=1
25 дек. 2024 13:54:41,101 system - system - system  INFO SQLConflictLogger - TRANSACTION  lsfusion.server.data.sql.exception.SQLConflictException: UPDATE_CONFLICT UPDATE Authentication_customUser SET SystemEvents_countConnection_CustomUser=931 FROM dumb WHERE Authentication_customUser.key0=262 AND 1=1
25 дек. 2024 13:54:41,103 system - system - system  INFO SQLConflictLogger - TRANSACTION  lsfusion.server.data.sql.exception.SQLConflictException: UPDATE_CONFLICT UPDATE Authentication_customUser SET SystemEvents_countConnection_CustomUser=931 FROM dumb WHERE Authentication_customUser.key0=262 AND 1=1
25 дек. 2024 13:54:41,411 system - system - system  INFO SQLConflictLogger - TRANSACTION  lsfusion.server.data.sql.exception.SQLConflictException: UPDATE_CONFLICT UPDATE Authentication_customUser SET SystemEvents_countConnection_CustomUser=932 FROM dumb WHERE Authentication_customUser.key0=262 AND 1=1
25 дек. 2024 14:00:59,860 system - system - system  INFO SQLConflictLogger - TRANSACTION  lsfusion.server.data.sql.exception.SQLConflictException: UPDATE_CONFLICT UPDATE Authentication_customUser SET SystemEvents_countConnection_CustomUser=954 FROM dumb WHERE Authentication_customUser.key0=262 AND 1=1
25 дек. 2024 14:00:59,870 system - system - system  INFO SQLConflictLogger - TRANSACTION  lsfusion.server.data.sql.exception.SQLConflictException: UPDATE_CONFLICT UPDATE Authentication_customUser SET SystemEvents_countConnection_CustomUser=954 FROM dumb WHERE Authentication_customUser.key0=262 AND 1=1
25 дек. 2024 14:01:00,126 system - system - system  INFO SQLConflictLogger - TRANSACTION  lsfusion.server.data.sql.exception.SQLConflictException: UPDATE_CONFLICT UPDATE Authentication_customUser SET SystemEvents_countConnection_CustomUser=955 FROM dumb WHERE Authentication_customUser.key0=262 AND 1=1
25 дек. 2024 14:14:37,927 system - system - system  INFO SQLConflictLogger - TRANSACTION  lsfusion.server.data.sql.exception.SQLConflictException: UPDATE_CONFLICT UPDATE Authentication_customUser SET SystemEvents_countConnection_CustomUser=965 FROM dumb WHERE Authentication_customUser.key0=262 AND 1=1
25 дек. 2024 15:52:11,480 system - system - system  INFO SQLConflictLogger - TRANSACTION  lsfusion.server.data.sql.exception.SQLConflictException: UPDATE_CONFLICT UPDATE Authentication_customUser SET SystemEvents_countConnection_CustomUser=980 FROM dumb WHERE Authentication_customUser.key0=262 AND 1=1
25 дек. 2024 15:52:11,487 system - system - system  INFO SQLConflictLogger - TRANSACTION  lsfusion.server.data.sql.exception.SQLConflictException: UPDATE_CONFLICT UPDATE Authentication_customUser SET SystemEvents_countConnection_CustomUser=980 FROM dumb WHERE Authentication_customUser.key0=262 AND 1=1
25 дек. 2024 15:52:11,702 system - system - system  INFO SQLConflictLogger - TRANSACTION  lsfusion.server.data.sql.exception.SQLConflictException: UPDATE_CONFLICT UPDATE Authentication_customUser SET SystemEvents_countConnection_CustomUser=981 FROM dumb WHERE Authentication_customUser.key0=262 AND 1=1
25 дек. 2024 15:52:11,976 system - system - system  INFO SQLConflictLogger - TRANSACTION  lsfusion.server.data.sql.exception.SQLConflictException: UPDATE_CONFLICT UPDATE Authentication_customUser SET SystemEvents_countConnection_CustomUser=982 FROM dumb WHERE Authentication_customUser.key0=262 AND 1=1
25 дек. 2024 15:57:54,772 system - system - system  INFO SQLConflictLogger - TRANSACTION  lsfusion.server.data.sql.exception.SQLConflictException: UPDATE_CONFLICT UPDATE Authentication_customUser SET SystemEvents_countConnection_CustomUser=1002 FROM dumb WHERE Authentication_customUser.key0=262 AND 1=1
25 дек. 2024 16:31:51,003 system - system - system  INFO SQLConflictLogger - TRANSACTION  lsfusion.server.data.sql.exception.SQLConflictException: UPDATE_CONFLICT UPDATE Authentication_customUser SET SystemEvents_countConnection_CustomUser=1011 FROM dumb WHERE Authentication_customUser.key0=262 AND 1=1
25 дек. 2024 17:41:47,604 system - system - system  INFO SQLConflictLogger - TRANSACTION  lsfusion.server.data.sql.exception.SQLConflictException: UPDATE_CONFLICT UPDATE Authentication_customUser SET SystemEvents_countConnection_CustomUser=1035 FROM dumb WHERE Authentication_customUser.key0=262 AND 1=1
25 дек. 2024 17:41:47,604 system - system - system  INFO SQLConflictLogger - TRANSACTION  lsfusion.server.data.sql.exception.SQLConflictException: UPDATE_CONFLICT UPDATE Authentication_customUser SET SystemEvents_countConnection_CustomUser=1035 FROM dumb WHERE Authentication_customUser.key0=262 AND 1=1
25 дек. 2024 17:41:47,847 system - system - system  INFO SQLConflictLogger - TRANSACTION  lsfusion.server.data.sql.exception.SQLConflictException: UPDATE_CONFLICT UPDATE Authentication_customUser SET SystemEvents_countConnection_CustomUser=1036 FROM dumb WHERE Authentication_customUser.key0=262 AND 1=1
25 дек. 2024 17:52:21,434 system - system - system  INFO SQLConflictLogger - TRANSACTION  lsfusion.server.data.sql.exception.SQLConflictException: UPDATE_CONFLICT UPDATE Authentication_customUser SET SystemEvents_countConnection_CustomUser=1044 FROM dumb WHERE Authentication_customUser.key0=262 AND 1=1
25 дек. 2024 17:52:21,434 system - system - system  INFO SQLConflictLogger - TRANSACTION  lsfusion.server.data.sql.exception.SQLConflictException: UPDATE_CONFLICT UPDATE Authentication_customUser SET SystemEvents_countConnection_CustomUser=1044 FROM dumb WHERE Authentication_customUser.key0=262 AND 1=1
25 дек. 2024 17:52:21,636 system - system - system  INFO SQLConflictLogger - TRANSACTION  lsfusion.server.data.sql.exception.SQLConflictException: UPDATE_CONFLICT UPDATE Authentication_customUser SET SystemEvents_countConnection_CustomUser=1045 FROM dumb WHERE Authentication_customUser.key0=262 AND 1=1
25 дек. 2024 23:49:19,801 system - system - system  INFO SQLConflictLogger - TRANSACTION  lsfusion.server.data.sql.exception.SQLConflictException: UPDATE_CONFLICT UPDATE Authentication_customUser SET SystemEvents_countConnection_CustomUser=1059 FROM dumb WHERE Authentication_customUser.key0=262 AND 1=1
25 дек. 2024 23:49:20,022 system - system - system  INFO SQLConflictLogger - TRANSACTION  lsfusion.server.data.sql.exception.SQLConflictException: UPDATE_CONFLICT UPDATE Authentication_customUser SET SystemEvents_countConnection_CustomUser=1060 FROM dumb WHERE Authentication_customUser.key0=262 AND 1=1
26 дек. 2024 15:57:27,013 system - system - system  INFO SQLConflictLogger - TRANSACTION  lsfusion.server.data.sql.exception.SQLConflictException: UPDATE_CONFLICT UPDATE Authentication_customUser SET SystemEvents_countConnection_CustomUser=1079 FROM dumb WHERE Authentication_customUser.key0=262 AND 1=1
26 дек. 2024 16:00:32,940 system - system - system  INFO SQLConflictLogger - TRANSACTION  lsfusion.server.data.sql.exception.SQLConflictException: UPDATE_CONFLICT UPDATE Authentication_customUser SET SystemEvents_countConnection_CustomUser=1092 FROM dumb WHERE Authentication_customUser.key0=262 AND 1=1
26 дек. 2024 16:02:21,279 system - system - system  INFO SQLConflictLogger - TRANSACTION  lsfusion.server.data.sql.exception.SQLConflictException: UPDATE_CONFLICT UPDATE Authentication_customUser SET SystemEvents_countConnection_CustomUser=1104 FROM dumb WHERE Authentication_customUser.key0=262 AND 1=1
26 дек. 2024 17:36:56,099 system - system - system  INFO SQLConflictLogger - TRANSACTION  lsfusion.server.data.sql.exception.SQLConflictException: UPDATE_CONFLICT UPDATE Authentication_customUser SET SystemEvents_countConnection_CustomUser=1122 FROM dumb WHERE Authentication_customUser.key0=262 AND 1=1
26 дек. 2024 19:06:35,059 system - system - system  INFO SQLConflictLogger - TRANSACTION  lsfusion.server.data.sql.exception.SQLConflictException: UPDATE_CONFLICT UPDATE Authentication_customUser SET SystemEvents_countConnection_CustomUser=1144 FROM dumb WHERE Authentication_customUser.key0=262 AND 1=1
26 дек. 2024 19:08:26,111 system - system - system  INFO SQLConflictLogger - TRANSACTION  lsfusion.server.data.sql.exception.SQLConflictException: UPDATE_CONFLICT UPDATE Authentication_customUser SET SystemEvents_countConnection_CustomUser=1156 FROM dumb WHERE Authentication_customUser.key0=262 AND 1=1
26 дек. 2024 19:09:37,195 system - system - system  INFO SQLConflictLogger - TRANSACTION  lsfusion.server.data.sql.exception.SQLConflictException: UPDATE_CONFLICT UPDATE Authentication_customUser SET SystemEvents_countConnection_CustomUser=1167 FROM dumb WHERE Authentication_customUser.key0=262 AND 1=1
27 дек. 2024 10:58:46,425 system - system - system  INFO SQLConflictLogger - TRANSACTION  lsfusion.server.data.sql.exception.SQLConflictException: UPDATE_CONFLICT UPDATE _auto SET Time_currentDate=CAST(('2024-12-27 +03') AS date) FROM dumb WHERE 1=1
